
> ydr-fitness-service@0.0.1 start /Users/n226510/yeray/nest/ydr-fitness-service
> nest start

[32m[Nest] 3924   - [39m06/02/2022 13:33:07   [38;5;3m[NestFactory] [39m[32mStarting Nest application...[39m
[32m[Nest] 3924   - [39m06/02/2022 13:33:07   [38;5;3m[InstanceLoader] [39m[32mAppModule dependencies initialized[39m[38;5;3m +277ms[39m
[32m[Nest] 3924   - [39m06/02/2022 13:33:07   [38;5;3m[InstanceLoader] [39m[32mYdrJwtModule dependencies initialized[39m[38;5;3m +1ms[39m
[32m[Nest] 3924   - [39m06/02/2022 13:33:07   [38;5;3m[InstanceLoader] [39m[32mPassportModule dependencies initialized[39m[38;5;3m +0ms[39m
[32m[Nest] 3924   - [39m06/02/2022 13:33:07   [38;5;3m[InstanceLoader] [39m[32mTypeOrmModule dependencies initialized[39m[38;5;3m +1ms[39m
[32m[Nest] 3924   - [39m06/02/2022 13:33:07   [38;5;3m[InstanceLoader] [39m[32mConfigHostModule dependencies initialized[39m[38;5;3m +0ms[39m
[32m[Nest] 3924   - [39m06/02/2022 13:33:07   [38;5;3m[InstanceLoader] [39m[32mConfigModule dependencies initialized[39m[38;5;3m +345ms[39m
[32m[Nest] 3924   - [39m06/02/2022 13:33:07   [38;5;3m[InstanceLoader] [39m[32mConfigModule dependencies initialized[39m[38;5;3m +0ms[39m
[32m[Nest] 3924   - [39m06/02/2022 13:33:08   [38;5;3m[InstanceLoader] [39m[32mJwtModule dependencies initialized[39m[38;5;3m +264ms[39m
[32m[Nest] 3924   - [39m06/02/2022 13:33:08   [38;5;3m[InstanceLoader] [39m[32mTypeOrmCoreModule dependencies initialized[39m[38;5;3m +846ms[39m
[32m[Nest] 3924   - [39m06/02/2022 13:33:08   [38;5;3m[InstanceLoader] [39m[32mTypeOrmModule dependencies initialized[39m[38;5;3m +0ms[39m
[32m[Nest] 3924   - [39m06/02/2022 13:33:08   [38;5;3m[InstanceLoader] [39m[32mTypeOrmModule dependencies initialized[39m[38;5;3m +0ms[39m
[32m[Nest] 3924   - [39m06/02/2022 13:33:08   [38;5;3m[InstanceLoader] [39m[32mTypeOrmModule dependencies initialized[39m[38;5;3m +1ms[39m
[32m[Nest] 3924   - [39m06/02/2022 13:33:08   [38;5;3m[InstanceLoader] [39m[32mTypeOrmModule dependencies initialized[39m[38;5;3m +0ms[39m
[32m[Nest] 3924   - [39m06/02/2022 13:33:08   [38;5;3m[InstanceLoader] [39m[32mTypeOrmModule dependencies initialized[39m[38;5;3m +0ms[39m
[32m[Nest] 3924   - [39m06/02/2022 13:33:08   [38;5;3m[InstanceLoader] [39m[32mTrainingsModule dependencies initialized[39m[38;5;3m +2ms[39m
[32m[Nest] 3924   - [39m06/02/2022 13:33:08   [38;5;3m[InstanceLoader] [39m[32mExercisesModule dependencies initialized[39m[38;5;3m +0ms[39m
[32m[Nest] 3924   - [39m06/02/2022 13:33:08   [38;5;3m[InstanceLoader] [39m[32mAnalyticsModule dependencies initialized[39m[38;5;3m +0ms[39m
[32m[Nest] 3924   - [39m06/02/2022 13:33:08   [38;5;3m[InstanceLoader] [39m[32mExecutionsModule dependencies initialized[39m[38;5;3m +1ms[39m
[32m[Nest] 3924   - [39m06/02/2022 13:33:08   [38;5;3m[InstanceLoader] [39m[32mSetsModule dependencies initialized[39m[38;5;3m +0ms[39m
[32m[Nest] 3924   - [39m06/02/2022 13:33:09   [38;5;3m[RoutesResolver] [39m[32mTrainingsController {/trainings}:[39m[38;5;3m +732ms[39m
[32m[Nest] 3924   - [39m06/02/2022 13:33:09   [38;5;3m[RouterExplorer] [39m[32mMapped {/trainings, GET} route[39m[38;5;3m +3ms[39m
[32m[Nest] 3924   - [39m06/02/2022 13:33:09   [38;5;3m[RouterExplorer] [39m[32mMapped {/trainings/:id, GET} route[39m[38;5;3m +2ms[39m
[32m[Nest] 3924   - [39m06/02/2022 13:33:09   [38;5;3m[RouterExplorer] [39m[32mMapped {/trainings, POST} route[39m[38;5;3m +1ms[39m
[32m[Nest] 3924   - [39m06/02/2022 13:33:09   [38;5;3m[RouterExplorer] [39m[32mMapped {/trainings/:id, PUT} route[39m[38;5;3m +1ms[39m
[32m[Nest] 3924   - [39m06/02/2022 13:33:09   [38;5;3m[RouterExplorer] [39m[32mMapped {/trainings/:id, DELETE} route[39m[38;5;3m +1ms[39m
[32m[Nest] 3924   - [39m06/02/2022 13:33:09   [38;5;3m[RoutesResolver] [39m[32mExercisesController {/exercises}:[39m[38;5;3m +0ms[39m
[32m[Nest] 3924   - [39m06/02/2022 13:33:09   [38;5;3m[RouterExplorer] [39m[32mMapped {/exercises, GET} route[39m[38;5;3m +1ms[39m
[32m[Nest] 3924   - [39m06/02/2022 13:33:09   [38;5;3m[RouterExplorer] [39m[32mMapped {/exercises, POST} route[39m[38;5;3m +0ms[39m
[32m[Nest] 3924   - [39m06/02/2022 13:33:09   [38;5;3m[RoutesResolver] [39m[32mSetsController {/sets}:[39m[38;5;3m +1ms[39m
[32m[Nest] 3924   - [39m06/02/2022 13:33:09   [38;5;3m[RouterExplorer] [39m[32mMapped {/sets, POST} route[39m[38;5;3m +1ms[39m
[32m[Nest] 3924   - [39m06/02/2022 13:33:09   [38;5;3m[RoutesResolver] [39m[32mExecutionsController {/executions}:[39m[38;5;3m +1ms[39m
[32m[Nest] 3924   - [39m06/02/2022 13:33:09   [38;5;3m[RouterExplorer] [39m[32mMapped {/executions, GET} route[39m[38;5;3m +0ms[39m
[32m[Nest] 3924   - [39m06/02/2022 13:33:09   [38;5;3m[RouterExplorer] [39m[32mMapped {/executions, POST} route[39m[38;5;3m +1ms[39m
[32m[Nest] 3924   - [39m06/02/2022 13:33:09   [38;5;3m[RouterExplorer] [39m[32mMapped {/executions, PUT} route[39m[38;5;3m +0ms[39m
[32m[Nest] 3924   - [39m06/02/2022 13:33:09   [38;5;3m[RoutesResolver] [39m[32mAnalyticsController {/analytics}:[39m[38;5;3m +0ms[39m
[32m[Nest] 3924   - [39m06/02/2022 13:33:09   [38;5;3m[RouterExplorer] [39m[32mMapped {/analytics/average-weight-by-exercise, GET} route[39m[38;5;3m +1ms[39m
[32m[Nest] 3924   - [39m06/02/2022 13:33:09   [38;5;3m[NestApplication] [39m[32mNest application successfully started[39m[38;5;3m +5ms[39m
